TN:
SF:lib/gml_converter/gml_converter.dart
FNF:0
FNH:0
DA:14,1
DA:16,1
DA:18,2
DA:19,1
DA:20,1
DA:21,3
DA:23,1
DA:24,0
DA:27,3
DA:32,1
DA:36,2
DA:37,2
DA:39,3
DA:40,3
DA:41,1
DA:44,2
DA:46,1
DA:52,2
DA:55,0
DA:56,0
DA:57,0
DA:58,0
DA:60,0
DA:63,0
DA:67,2
DA:68,1
DA:69,2
DA:71,1
DA:72,1
DA:73,1
DA:74,1
DA:75,1
DA:76,1
DA:78,1
DA:81,0
LF:35
LH:27
end_of_record
TN:
SF:lib/navigation/app_bar_templates.dart
FNF:0
FNH:0
DA:16,3
DA:17,3
DA:19,3
DA:23,0
DA:25,0
DA:26,0
DA:27,0
DA:28,0
DA:30,0
DA:31,0
DA:41,3
DA:51,3
DA:53,3
DA:54,3
DA:56,3
DA:57,12
DA:58,3
DA:60,3
LF:18
LH:11
end_of_record
TN:
SF:lib/navigation/drawer.dart
FNF:0
FNH:0
DA:10,6
DA:14,3
DA:16,3
DA:17,3
DA:20,3
DA:21,3
DA:22,3
DA:23,3
DA:24,3
DA:25,9
DA:33,3
DA:35,3
DA:37,6
DA:38,3
DA:40,3
DA:42,3
DA:43,9
DA:44,6
DA:45,12
DA:46,3
DA:51,6
DA:52,3
DA:55,6
DA:56,3
DA:58,9
DA:59,0
DA:60,0
DA:63,6
DA:64,3
DA:66,9
DA:67,0
DA:68,0
DA:71,3
DA:72,6
DA:75,6
DA:76,9
DA:77,6
DA:78,2
DA:79,4
DA:80,3
DA:81,2
DA:83,2
LF:42
LH:38
end_of_record
TN:
SF:lib/navigation/file_picker.dart
FNF:0
FNH:0
DA:11,1
DA:15,1
DA:17,2
DA:23,2
DA:24,1
DA:25,0
DA:28,4
LF:7
LH:6
end_of_record
TN:
SF:lib/pages/convert/convert_widget.dart
FNF:0
FNH:0
DA:19,2
DA:25,2
DA:27,2
DA:28,2
DA:41,2
DA:42,8
DA:45,2
DA:46,8
DA:47,4
DA:48,2
DA:49,2
DA:50,2
DA:51,2
DA:52,2
DA:53,2
DA:57,2
DA:58,2
DA:59,2
DA:65,8
DA:66,2
DA:68,6
DA:70,4
DA:71,4
DA:72,6
DA:73,2
DA:74,2
DA:75,6
DA:79,2
DA:83,4
DA:84,2
DA:90,8
DA:92,2
DA:93,4
DA:94,6
DA:96,2
DA:100,4
DA:101,2
DA:103,3
DA:104,1
DA:105,1
DA:106,3
DA:110,1
DA:115,8
DA:117,4
DA:118,4
DA:119,2
DA:120,2
DA:121,4
DA:122,4
DA:123,4
DA:129,2
DA:130,2
DA:131,8
DA:133,1
DA:134,3
DA:135,0
DA:136,0
DA:137,0
DA:139,0
DA:143,0
DA:147,2
DA:148,2
DA:150,3
DA:151,1
DA:153,4
DA:160,3
DA:161,1
DA:166,0
DA:167,0
DA:168,0
DA:169,0
DA:170,0
DA:173,1
DA:178,2
DA:179,2
DA:182,2
DA:183,2
DA:185,2
DA:189,2
DA:191,2
DA:192,2
DA:193,4
DA:195,2
DA:197,2
DA:198,2
DA:199,2
DA:200,2
DA:201,6
DA:206,2
DA:207,2
DA:208,6
DA:209,12
DA:214,2
DA:217,6
DA:230,2
DA:231,4
DA:233,2
DA:234,2
DA:239,2
DA:240,2
DA:243,4
DA:244,4
DA:245,2
LF:103
LH:93
end_of_record
TN:
SF:lib/pages/convert/converter.dart
FNF:0
FNH:0
DA:23,1
DA:28,1
DA:30,1
DA:31,1
DA:41,1
DA:42,2
DA:43,1
DA:47,1
DA:48,2
DA:49,1
DA:53,1
DA:55,1
DA:56,2
DA:57,2
DA:58,1
DA:59,1
DA:60,1
DA:61,2
DA:62,1
DA:63,2
DA:64,2
DA:65,1
DA:67,1
DA:68,2
DA:70,2
LF:25
LH:25
end_of_record
TN:
SF:lib/pages/convert/meta_data.dart
FNF:0
FNH:0
DA:12,2
DA:14,1
DA:16,1
DA:18,1
DA:19,1
DA:21,3
DA:27,2
DA:28,3
DA:30,3
LF:9
LH:9
end_of_record
TN:
SF:lib/pages/convert/unauthorized_conversion.dart
FNF:0
FNH:0
DA:5,6
DA:7,1
DA:9,1
DA:10,3
DA:11,3
DA:13,1
DA:14,1
DA:16,1
DA:17,4
DA:18,4
DA:19,1
DA:21,1
DA:23,1
DA:25,1
DA:26,1
DA:27,2
DA:31,1
DA:32,2
DA:36,1
DA:37,0
DA:38,0
LF:21
LH:19
end_of_record
TN:
SF:lib/pages/default_page.dart
FNF:0
FNH:0
DA:19,3
DA:20,3
DA:22,3
DA:24,3
DA:25,6
DA:26,3
DA:32,12
DA:33,3
DA:36,3
LF:9
LH:9
end_of_record
TN:
SF:lib/pages/probed_data.dart
FNF:0
FNH:0
DA:8,2
DA:10,1
DA:11,3
DA:12,2
DA:13,0
DA:15,4
DA:16,1
DA:19,1
DA:20,1
DA:21,1
DA:22,1
DA:23,1
DA:34,1
DA:36,1
DA:37,1
DA:38,2
DA:39,1
DA:41,1
DA:42,2
DA:43,1
DA:44,2
DA:45,2
DA:46,3
DA:48,2
DA:49,1
DA:50,2
DA:51,1
DA:53,1
DA:54,2
DA:57,3
DA:58,3
LF:31
LH:30
end_of_record
TN:
SF:lib/state/app_state.dart
FNF:0
FNH:0
DA:18,4
DA:19,4
DA:23,8
DA:26,4
DA:27,16
DA:29,4
DA:31,4
DA:33,4
LF:8
LH:8
end_of_record
