<?xml version="1.0" ?>
<coverage version="5.5" timestamp="1683348799822" lines-valid="8" lines-covered="3" line-rate="0.375" branches-covered="0" branches-valid="0" branch-rate="0" complexity="0">
	<!-- Generated by coverage.py: https://coverage.readthedocs.io -->
	<!-- Based on https://raw.githubusercontent.com/cobertura/web/master/htdocs/xml/coverage-04.dtd -->
	<sources>
		<source>/Users/dennisjensen/GIT/CoverageScope/test_repo</source>
	</sources>
	<packages>
		<package name="test_repo" line-rate="0.375" branch-rate="0" complexity="0">
			<classes>
				<class name="new.py" filename="test_repo/new.py" complexity="0" line-rate="0" branch-rate="0">
					<methods/>
					<lines>
						<line number="0" hits="0"/>
						<line number="1" hits="0"/>
						<line number="2" hits="0"/>
					</lines>
				</class>
				<class name="some_module.py" filename="test_repo/some_module.py" complexity="0" line-rate="0.6" branch-rate="0">
					<methods/>
					<lines>
						<line number="0" hits="0"/>
						<line number="1" hits="1"/>
						<line number="2" hits="1"/>
						<line number="5" hits="1"/>
						<line number="6" hits="0"/>
					</lines>
				</class>
				<class name="some_other_module.py" filename="test_repo/some_other_module.py" complexity="0" line-rate="0.2" branch-rate="0">
					<methods/>
					<lines/>
				</class>
			</classes>
		</package>
	</packages>
</coverage>
