<?xml version="1.0"?>
<coverage lines-covered="87" lines-valid="115" line-rate="0.7565217391304347" branches-covered="0" branches-valid="0" branch-rate="0" complexity="0" version="1.9" timestamp="1683366449">
    <sources>
        <source>/Users/dennisjensen/GIT/CoverageScope</source>
    </sources>
    <packages>
        <package name="src" line-rate="0.7565217391304347" branch-rate="0" complexity="0">
            <classes>
                <class name="coberta_xml_parser" filename="src/coberta_xml_parser.rs" line-rate="0.9705882352941176" branch-rate="0" complexity="0">
                    <methods/>
                    <lines>
                        <line number="91" hits="36"/>
                        <line number="92" hits="36"/>
                        <line number="95" hits="8"/>
                        <line number="96" hits="8"/>
                        <line number="98" hits="72"/>
                        <line number="99" hits="32"/>
                        <line number="100" hits="12"/>
                        <line number="101" hits="12"/>
                        <line number="102" hits="12"/>
                        <line number="103" hits="0"/>
                        <line number="107" hits="8"/>
                        <line number="113" hits="10"/>
                        <line number="114" hits="10"/>
                        <line number="116" hits="70"/>
                        <line number="117" hits="20"/>
                        <line number="119" hits="10"/>
                        <line number="122" hits="8"/>
                        <line number="123" hits="8"/>
                        <line number="125" hits="40"/>
                        <line number="126" hits="24"/>
                        <line number="127" hits="8"/>
                        <line number="130" hits="8"/>
                        <line number="135" hits="5"/>
                        <line number="136" hits="5"/>
                        <line number="137" hits="5"/>
                        <line number="140" hits="1"/>
                        <line number="141" hits="1"/>
                        <line number="144" hits="8"/>
                        <line number="145" hits="8"/>
                        <line number="147" hits="24"/>
                        <line number="148" hits="24"/>
                        <line number="149" hits="24"/>
                        <line number="150" hits="8"/>
                        <line number="155" hits="8"/>
                    </lines>
                </class>
                <class name="git_diff_parser" filename="src/git_diff_parser.rs" line-rate="0.9696969696969697" branch-rate="0" complexity="0">
                    <methods/>
                    <lines>
                        <line number="10" hits="3"/>
                        <line number="12" hits="6"/>
                        <line number="13" hits="3"/>
                        <line number="14" hits="0"/>
                        <line number="17" hits="3"/>
                        <line number="19" hits="21"/>
                        <line number="20" hits="9"/>
                        <line number="22" hits="9"/>
                        <line number="24" hits="27"/>
                        <line number="25" hits="9"/>
                        <line number="26" hits="105"/>
                        <line number="27" hits="48"/>
                        <line number="32" hits="9"/>
                        <line number="34" hits="9"/>
                        <line number="37" hits="3"/>
                        <line number="40" hits="3"/>
                        <line number="41" hits="3"/>
                        <line number="42" hits="3"/>
                        <line number="43" hits="12"/>
                        <line number="44" hits="9"/>
                        <line number="46" hits="9"/>
                        <line number="47" hits="18"/>
                        <line number="48" hits="3"/>
                        <line number="51" hits="6"/>
                        <line number="52" hits="6"/>
                        <line number="54" hits="6"/>
                        <line number="55" hits="6"/>
                        <line number="56" hits="78"/>
                        <line number="57" hits="45"/>
                        <line number="58" hits="9"/>
                        <line number="62" hits="6"/>
                        <line number="63" hits="6"/>
                        <line number="66" hits="3"/>
                    </lines>
                </class>
                <class name="main" filename="src/main.rs" line-rate="0.4583333333333333" branch-rate="0" complexity="0">
                    <methods/>
                    <lines>
                        <line number="10" hits="1"/>
                        <line number="11" hits="1"/>
                        <line number="13" hits="1"/>
                        <line number="17" hits="1"/>
                        <line number="18" hits="1"/>
                        <line number="19" hits="0"/>
                        <line number="49" hits="2"/>
                        <line number="51" hits="4"/>
                        <line number="52" hits="2"/>
                        <line number="53" hits="2"/>
                        <line number="54" hits="1"/>
                        <line number="57" hits="1"/>
                        <line number="58" hits="2"/>
                        <line number="62" hits="2"/>
                        <line number="63" hits="2"/>
                        <line number="64" hits="2"/>
                        <line number="65" hits="2"/>
                        <line number="66" hits="2"/>
                        <line number="67" hits="3"/>
                        <line number="68" hits="1"/>
                        <line number="70" hits="1"/>
                        <line number="72" hits="1"/>
                        <line number="75" hits="2"/>
                        <line number="78" hits="0"/>
                        <line number="79" hits="0"/>
                        <line number="80" hits="0"/>
                        <line number="81" hits="0"/>
                        <line number="83" hits="0"/>
                        <line number="85" hits="0"/>
                        <line number="86" hits="0"/>
                        <line number="87" hits="0"/>
                        <line number="88" hits="0"/>
                        <line number="90" hits="0"/>
                        <line number="91" hits="0"/>
                        <line number="92" hits="0"/>
                        <line number="94" hits="0"/>
                        <line number="95" hits="0"/>
                        <line number="98" hits="0"/>
                        <line number="99" hits="0"/>
                        <line number="101" hits="0"/>
                        <line number="102" hits="0"/>
                        <line number="104" hits="0"/>
                        <line number="106" hits="0"/>
                        <line number="109" hits="0"/>
                        <line number="110" hits="0"/>
                        <line number="114" hits="0"/>
                        <line number="115" hits="0"/>
                        <line number="116" hits="0"/>
                    </lines>
                </class>
            </classes>
        </package>
    </packages>
</coverage>